<?xml version="1.0" encoding="UTF-8"?>
<!-- Generated by org.testng.reporters.JUnitReportReporter -->
<testsuite skipped="0" hostname="DESKTOP-UOV0MPD" name="com.qa.linkedin.testcases.SearchDDTTest" tests="5" failures="0" timestamp="26 May 2019 04:42:57 GMT" time="30.761" errors="0">
  <testcase name="searchTest" time="5.573" classname="com.qa.linkedin.testcases.SearchDDTTest"/>
  <testcase name="searchTest" time="5.222" classname="com.qa.linkedin.testcases.SearchDDTTest"/>
  <testcase name="searchTest" time="8.217" classname="com.qa.linkedin.testcases.SearchDDTTest"/>
  <testcase name="searchTest" time="5.407" classname="com.qa.linkedin.testcases.SearchDDTTest"/>
  <testcase name="searchTest" time="6.342" classname="com.qa.linkedin.testcases.SearchDDTTest"/>
</testsuite> <!-- com.qa.linkedin.testcases.SearchDDTTest -->
